<?xml version="1.0" encoding="UTF-8"?>
<!-- Generated by org.testng.reporters.JUnitXMLReporter -->
<testsuite ignored="2" hostname="DESKTOP-SBA9KVG" failures="0" tests="1" name="Default test" time="23.081" errors="0" timestamp="08 Feb 2022 08:29:57 GMT">
  <testcase classname="testBatches.TestBatches" name="runUserChoice" time="22.006"/>
  <testcase classname="testBatches.TestBatches" name="regressionSuite" time="0.0">
    <ignored/>
  </testcase> <!-- regressionSuite -->
  <testcase classname="testBatches.TestBatches" name="smokesuite" time="0.0">
    <ignored/>
  </testcase> <!-- smokesuite -->
</testsuite> <!-- Default test -->
