<?xml version="1.0" encoding="UTF-8"?>
<!-- Generated by org.testng.reporters.JUnitXMLReporter -->
<testsuite ignored="2" hostname="DESKTOP-SBA9KVG" failures="0" tests="1" name="Default test" time="18.61" errors="0" timestamp="13 Feb 2022 07:09:05 GMT">
  <testcase classname="testBatches.TestBatches" name="smokesuite" time="17.839"/>
  <testcase classname="testBatches.TestBatches" name="runUserChoice" time="0.0">
    <ignored/>
  </testcase> <!-- runUserChoice -->
  <testcase classname="testBatches.TestBatches" name="regressionSuite" time="0.0">
    <ignored/>
  </testcase> <!-- regressionSuite -->
</testsuite> <!-- Default test -->
