<?xml version="1.0" encoding="UTF-8"?>
<testng-results ignored="2" total="3" passed="1" failed="0" skipped="0">
  <reporter-output>
  </reporter-output>
  <suite started-at="2022-02-13T07:08:46Z" name="Default suite" finished-at="2022-02-13T07:09:05Z" duration-ms="18610">
    <groups>
    </groups>
    <test started-at="2022-02-13T07:08:46Z" name="Default test" finished-at="2022-02-13T07:09:05Z" duration-ms="18610">
      <class name="testBatches.TestBatches">
        <test-method signature="smokesuite()[pri:0, instance:testBatches.TestBatches@2c708440]" started-at="2022-02-13T07:08:46Z" name="smokesuite" finished-at="2022-02-13T07:09:04Z" duration-ms="17839" status="PASS">
          <reporter-output>
          </reporter-output>
        </test-method> <!-- smokesuite -->
        <test-method is-config="true" signature="quitm()[pri:0, instance:testBatches.TestBatches@2c708440]" started-at="2022-02-13T07:09:04Z" name="quitm" finished-at="2022-02-13T07:09:05Z" duration-ms="708" status="PASS">
          <reporter-output>
          </reporter-output>
        </test-method> <!-- quitm -->
      </class> <!-- testBatches.TestBatches -->
    </test> <!-- Default test -->
  </suite> <!-- Default suite -->
</testng-results>
